<?xml version="1.0" encoding="UTF-8"?>
<testng-results skipped="0" failed="0" ignored="0" total="1" passed="1">
  <reporter-output>
  </reporter-output>
  <suite name="Default suite" duration-ms="74993" started-at="2020-12-01T18:36:10 IST" finished-at="2020-12-01T18:37:25 IST">
    <groups>
    </groups>
    <test name="Default test" duration-ms="74993" started-at="2020-12-01T18:36:10 IST" finished-at="2020-12-01T18:37:25 IST">
      <class name="com.test.APIdemoTest">
        <test-method status="PASS" signature="set()[pri:0, instance:com.test.APIdemoTest@34cd072c]" name="set" is-config="true" duration-ms="57900" started-at="2020-12-01T18:36:10 IST" finished-at="2020-12-01T18:37:08 IST">
          <reporter-output>
          </reporter-output>
        </test-method> <!-- set -->
        <test-method status="PASS" signature="firstCase()[pri:0, instance:com.test.APIdemoTest@34cd072c]" name="firstCase" duration-ms="12896" started-at="2020-12-01T18:37:08 IST" finished-at="2020-12-01T18:37:21 IST">
          <reporter-output>
          </reporter-output>
        </test-method> <!-- firstCase -->
        <test-method status="PASS" signature="tearDown()[pri:0, instance:com.test.APIdemoTest@34cd072c]" name="tearDown" is-config="true" duration-ms="4102" started-at="2020-12-01T18:37:21 IST" finished-at="2020-12-01T18:37:25 IST">
          <reporter-output>
          </reporter-output>
        </test-method> <!-- tearDown -->
      </class> <!-- com.test.APIdemoTest -->
    </test> <!-- Default test -->
  </suite> <!-- Default suite -->
</testng-results>
