<?xml version="1.0" encoding="UTF-8"?>
<!-- Generated by org.testng.reporters.JUnitXMLReporter -->
<testsuite hostname="LAPTOP-GM24BTPP" ignored="3" name="Test" tests="3" failures="0" timestamp="2020-11-23T19:04:41 IST" time="0.069" errors="0">
  <testcase name="seccond" time="0.011" classname="test.Sample1"/>
  <testcase name="first" time="0.001" classname="test.Sample3"/>
  <testcase name="first" time="0.004" classname="test.Sample2"/>
  <testcase name="f" time="0.0" classname="test.Sample3">
    <ignored/>
  </testcase> <!-- f -->
  <testcase name="first" time="0.0" classname="test.Sample1">
    <ignored/>
  </testcase> <!-- first -->
  <testcase name="second" time="0.0" classname="test.Sample2">
    <ignored/>
  </testcase> <!-- second -->
</testsuite> <!-- Test -->
