<?xml version="1.0" encoding="UTF-8"?>
<!-- Generated by org.testng.reporters.JUnitXMLReporter -->
<testsuite hostname="LAPTOP-GM24BTPP" ignored="0" name="RegressionTest" tests="6" failures="0" timestamp="2020-11-23T09:05:02 IST" time="0.062" errors="0">
  <testcase name="f" time="0.005" classname="test.Sample3"/>
  <testcase name="first" time="0.001" classname="test.Sample3"/>
  <testcase name="first" time="0.0" classname="test.Sample1"/>
  <testcase name="seccond" time="0.001" classname="test.Sample1"/>
  <testcase name="first" time="0.001" classname="test.Sample2"/>
  <testcase name="second" time="0.001" classname="test.Sample2"/>
</testsuite> <!-- RegressionTest -->
