<?xml version="1.0" encoding="UTF-8"?>
<testng-results skipped="0" failed="0" ignored="0" total="1" passed="1">
  <reporter-output>
  </reporter-output>
  <suite name="Suite" duration-ms="49217" started-at="2020-12-01T13:08:06Z" finished-at="2020-12-01T13:08:55Z">
    <groups>
    </groups>
    <test name="Test" duration-ms="49217" started-at="2020-12-01T13:08:06Z" finished-at="2020-12-01T13:08:55Z">
      <class name="com.test.APIdemoTest">
        <test-method status="PASS" signature="set()[pri:0, instance:com.test.APIdemoTest@78dd667e]" name="set" is-config="true" duration-ms="32544" started-at="2020-12-01T18:38:06Z" finished-at="2020-12-01T18:38:38Z">
          <reporter-output>
          </reporter-output>
        </test-method> <!-- set -->
        <test-method status="PASS" signature="firstCase()[pri:0, instance:com.test.APIdemoTest@78dd667e]" name="firstCase" duration-ms="12540" started-at="2020-12-01T18:38:38Z" finished-at="2020-12-01T18:38:51Z">
          <reporter-output>
          </reporter-output>
        </test-method> <!-- firstCase -->
        <test-method status="PASS" signature="tearDown()[pri:0, instance:com.test.APIdemoTest@78dd667e]" name="tearDown" is-config="true" duration-ms="1053" started-at="2020-12-01T18:38:54Z" finished-at="2020-12-01T18:38:55Z">
          <reporter-output>
          </reporter-output>
        </test-method> <!-- tearDown -->
      </class> <!-- com.test.APIdemoTest -->
    </test> <!-- Test -->
  </suite> <!-- Suite -->
</testng-results>
